Command line invocation:
    /Applications/Xcode.app/Contents/Developer/usr/bin/xcodebuild -project Buoy.xcodeproj -scheme Buoy build

Resolve Package Graph


Resolved source packages:
  GRDB: https://github.com/groue/GRDB.swift @ master (36e30a6)
  LaunchAtLogin: https://github.com/sindresorhus/LaunchAtLogin-Modern @ main (a04ec1c)
  KeyboardShortcuts: https://github.com/sindresorhus/KeyboardShortcuts @ 2.4.0

--- xcodebuild: WARNING: Using the first of multiple matching destinations:
{ platform:macOS, arch:arm64, id:00008103-000E70993EA2001E, name:My Mac }
{ platform:macOS, arch:x86_64, id:00008103-000E70993EA2001E, name:My Mac }
{ platform:macOS, name:Any Mac }
ComputePackagePrebuildTargetDependencyGraph

Prepare packages

CreateBuildRequest

SendProjectDescription

CreateBuildOperation

ComputeTargetDependencyGraph
note: Building targets in dependency order
note: Target dependency graph (10 targets)
    Target 'Buoy' in project 'Buoy'
        ➜ Explicit dependency on target 'KeyboardShortcuts' in project 'KeyboardShortcuts'
        ➜ Explicit dependency on target 'GRDB' in project 'GRDB'
        ➜ Explicit dependency on target 'LaunchAtLogin' in project 'LaunchAtLogin'
    Target 'LaunchAtLogin' in project 'LaunchAtLogin'
        ➜ Explicit dependency on target 'LaunchAtLogin' in project 'LaunchAtLogin'
    Target 'LaunchAtLogin' in project 'LaunchAtLogin' (no dependencies)
    Target 'GRDB' in project 'GRDB'
        ➜ Explicit dependency on target 'GRDB' in project 'GRDB'
        ➜ Explicit dependency on target 'GRDB_GRDB' in project 'GRDB'
    Target 'GRDB' in project 'GRDB'
        ➜ Explicit dependency on target 'GRDB_GRDB' in project 'GRDB'
        ➜ Explicit dependency on target 'GRDBSQLite' in project 'GRDB'
    Target 'GRDBSQLite' in project 'GRDB' (no dependencies)
    Target 'GRDB_GRDB' in project 'GRDB' (no dependencies)
    Target 'KeyboardShortcuts' in project 'KeyboardShortcuts'
        ➜ Explicit dependency on target 'KeyboardShortcuts' in project 'KeyboardShortcuts'
        ➜ Explicit dependency on target 'KeyboardShortcuts_KeyboardShortcuts' in project 'KeyboardShortcuts'
    Target 'KeyboardShortcuts' in project 'KeyboardShortcuts'
        ➜ Explicit dependency on target 'KeyboardShortcuts_KeyboardShortcuts' in project 'KeyboardShortcuts'
    Target 'KeyboardShortcuts_KeyboardShortcuts' in project 'KeyboardShortcuts' (no dependencies)

GatherProvisioningInputs

CreateBuildDescription

ExecuteExternalTool /Applications/Xcode.app/Contents/Developer/Toolchains/XcodeDefault.xctoolchain/usr/bin/swiftc --version

ExecuteExternalTool /Applications/Xcode.app/Contents/Developer/usr/bin/actool --version --output-format xml1

ExecuteExternalTool /Applications/Xcode.app/Contents/Developer/Toolchains/XcodeDefault.xctoolchain/usr/bin/clang -v -E -dM -isysroot /Applications/Xcode.app/Contents/Developer/Platforms/MacOSX.platform/Developer/SDKs/MacOSX26.4.sdk -x c -c /dev/null

ExecuteExternalTool /Applications/Xcode.app/Contents/Developer/Toolchains/XcodeDefault.xctoolchain/usr/bin/ld -version_details

ReadFileContents /Applications/Xcode.app/Contents/Developer/Toolchains/XcodeDefault.xctoolchain/usr/share/docc/features.json

Build description signature: 19c3544df82b7a215bcfb05f410dcfaa
Build description path: /Users/gabemempin/Library/Developer/Xcode/DerivedData/Buoy-dhdaqygndnrkpdccoejmwkhlenzq/Build/Intermediates.noindex/XCBuildData/19c3544df82b7a215bcfb05f410dcfaa.xcbuilddata
ClangStatCache /Applications/Xcode.app/Contents/Developer/Toolchains/XcodeDefault.xctoolchain/usr/bin/clang-stat-cache /Applications/Xcode.app/Contents/Developer/Platforms/MacOSX.platform/Developer/SDKs/MacOSX26.4.sdk /Users/gabemempin/Library/Developer/Xcode/DerivedData/SDKStatCaches.noindex/macosx26.4-25E251-30f9ca8789b706f8bd3fc906a70d770f.sdkstatcache
    cd /Users/gabemempin/Dev/Buoy/Buoy.xcodeproj
    /Applications/Xcode.app/Contents/Developer/Toolchains/XcodeDefault.xctoolchain/usr/bin/clang-stat-cache /Applications/Xcode.app/Contents/Developer/Platforms/MacOSX.platform/Developer/SDKs/MacOSX26.4.sdk -o /Users/gabemempin/Library/Developer/Xcode/DerivedData/SDKStatCaches.noindex/macosx26.4-25E251-30f9ca8789b706f8bd3fc906a70d770f.sdkstatcache

ProcessInfoPlistFile /Users/gabemempin/Library/Developer/Xcode/DerivedData/Buoy-dhdaqygndnrkpdccoejmwkhlenzq/Build/Products/Debug/KeyboardShortcuts_KeyboardShortcuts.bundle/Contents/Info.plist /Users/gabemempin/Library/Developer/Xcode/DerivedData/Buoy-dhdaqygndnrkpdccoejmwkhlenzq/Build/Intermediates.noindex/KeyboardShortcuts.build/Debug/KeyboardShortcuts_KeyboardShortcuts.build/empty-KeyboardShortcuts_KeyboardShortcuts.plist (in target 'KeyboardShortcuts_KeyboardShortcuts' from project 'KeyboardShortcuts')
    cd /Users/gabemempin/Library/Developer/Xcode/DerivedData/Buoy-dhdaqygndnrkpdccoejmwkhlenzq/SourcePackages/checkouts/KeyboardShortcuts
    builtin-infoPlistUtility /Users/gabemempin/Library/Developer/Xcode/DerivedData/Buoy-dhdaqygndnrkpdccoejmwkhlenzq/Build/Intermediates.noindex/KeyboardShortcuts.build/Debug/KeyboardShortcuts_KeyboardShortcuts.build/empty-KeyboardShortcuts_KeyboardShortcuts.plist -producttype com.apple.product-type.bundle -expandbuildsettings -platform macosx -o /Users/gabemempin/Library/Developer/Xcode/DerivedData/Buoy-dhdaqygndnrkpdccoejmwkhlenzq/Build/Products/Debug/KeyboardShortcuts_KeyboardShortcuts.bundle/Contents/Info.plist

ProcessInfoPlistFile /Users/gabemempin/Library/Developer/Xcode/DerivedData/Buoy-dhdaqygndnrkpdccoejmwkhlenzq/Build/Products/Debug/GRDB_GRDB.bundle/Contents/Info.plist /Users/gabemempin/Library/Developer/Xcode/DerivedData/Buoy-dhdaqygndnrkpdccoejmwkhlenzq/Build/Intermediates.noindex/GRDB.build/Debug/GRDB_GRDB.build/empty-GRDB_GRDB.plist (in target 'GRDB_GRDB' from project 'GRDB')
    cd /Users/gabemempin/Library/Developer/Xcode/DerivedData/Buoy-dhdaqygndnrkpdccoejmwkhlenzq/SourcePackages/checkouts/GRDB.swift
    builtin-infoPlistUtility /Users/gabemempin/Library/Developer/Xcode/DerivedData/Buoy-dhdaqygndnrkpdccoejmwkhlenzq/Build/Intermediates.noindex/GRDB.build/Debug/GRDB_GRDB.build/empty-GRDB_GRDB.plist -producttype com.apple.product-type.bundle -expandbuildsettings -platform macosx -o /Users/gabemempin/Library/Developer/Xcode/DerivedData/Buoy-dhdaqygndnrkpdccoejmwkhlenzq/Build/Products/Debug/GRDB_GRDB.bundle/Contents/Info.plist

note: Disabling hardened runtime with ad-hoc codesigning. (in target 'Buoy' from project 'Buoy')
ProcessInfoPlistFile /Users/gabemempin/Library/Developer/Xcode/DerivedData/Buoy-dhdaqygndnrkpdccoejmwkhlenzq/Build/Products/Debug/Buoy.app/Contents/Info.plist /Users/gabemempin/Library/Developer/Xcode/DerivedData/Buoy-dhdaqygndnrkpdccoejmwkhlenzq/Build/Intermediates.noindex/Buoy.build/Debug/Buoy.build/empty-Buoy.plist (in target 'Buoy' from project 'Buoy')
    cd /Users/gabemempin/Dev/Buoy
    builtin-infoPlistUtility /Users/gabemempin/Library/Developer/Xcode/DerivedData/Buoy-dhdaqygndnrkpdccoejmwkhlenzq/Build/Intermediates.noindex/Buoy.build/Debug/Buoy.build/empty-Buoy.plist -producttype com.apple.product-type.application -genpkginfo /Users/gabemempin/Library/Developer/Xcode/DerivedData/Buoy-dhdaqygndnrkpdccoejmwkhlenzq/Build/Products/Debug/Buoy.app/Contents/PkgInfo -expandbuildsettings -platform macosx -additionalcontentfile /Users/gabemempin/Library/Developer/Xcode/DerivedData/Buoy-dhdaqygndnrkpdccoejmwkhlenzq/Build/Intermediates.noindex/Buoy.build/Debug/Buoy.build/assetcatalog_generated_info.plist -scanforprivacyfile /Users/gabemempin/Library/Developer/Xcode/DerivedData/Buoy-dhdaqygndnrkpdccoejmwkhlenzq/Build/Products/Debug/Buoy.app/Contents/Resources/GRDB_GRDB.bundle -scanforprivacyfile /Users/gabemempin/Library/Developer/Xcode/DerivedData/Buoy-dhdaqygndnrkpdccoejmwkhlenzq/Build/Products/Debug/Buoy.app/Contents/Resources/KeyboardShortcuts_KeyboardShortcuts.bundle -o /Users/gabemempin/Library/Developer/Xcode/DerivedData/Buoy-dhdaqygndnrkpdccoejmwkhlenzq/Build/Products/Debug/Buoy.app/Contents/Info.plist

CopySwiftLibs /Users/gabemempin/Library/Developer/Xcode/DerivedData/Buoy-dhdaqygndnrkpdccoejmwkhlenzq/Build/Products/Debug/Buoy.app (in target 'Buoy' from project 'Buoy')
    cd /Users/gabemempin/Dev/Buoy
    builtin-swiftStdLibTool --copy --verbose --sign - --scan-executable /Users/gabemempin/Library/Developer/Xcode/DerivedData/Buoy-dhdaqygndnrkpdccoejmwkhlenzq/Build/Products/Debug/Buoy.app/Contents/MacOS/Buoy.debug.dylib --scan-folder /Users/gabemempin/Library/Developer/Xcode/DerivedData/Buoy-dhdaqygndnrkpdccoejmwkhlenzq/Build/Products/Debug/Buoy.app/Contents/Frameworks --scan-folder /Users/gabemempin/Library/Developer/Xcode/DerivedData/Buoy-dhdaqygndnrkpdccoejmwkhlenzq/Build/Products/Debug/Buoy.app/Contents/PlugIns --scan-folder /Users/gabemempin/Library/Developer/Xcode/DerivedData/Buoy-dhdaqygndnrkpdccoejmwkhlenzq/Build/Products/Debug/Buoy.app/Contents/Library/SystemExtensions --scan-folder /Users/gabemempin/Library/Developer/Xcode/DerivedData/Buoy-dhdaqygndnrkpdccoejmwkhlenzq/Build/Products/Debug/Buoy.app/Contents/Extensions --platform macosx --toolchain /Applications/Xcode.app/Contents/Developer/Toolchains/XcodeDefault.xctoolchain --destination /Users/gabemempin/Library/Developer/Xcode/DerivedData/Buoy-dhdaqygndnrkpdccoejmwkhlenzq/Build/Products/Debug/Buoy.app/Contents/Frameworks --strip-bitcode --strip-bitcode-tool /Applications/Xcode.app/Contents/Developer/Toolchains/XcodeDefault.xctoolchain/usr/bin/bitcode_strip --emit-dependency-info /Users/gabemempin/Library/Developer/Xcode/DerivedData/Buoy-dhdaqygndnrkpdccoejmwkhlenzq/Build/Intermediates.noindex/Buoy.build/Debug/Buoy.build/SwiftStdLibToolInputDependencies.dep --filter-for-swift-os --back-deploy-swift-span

** BUILD SUCCEEDED **

